# JRE version: OpenJDK Runtime Environment Temurin-21.0.9+10 (21.0.9+10) (build 21.0.9+10-LTS)
# Java VM: OpenJDK 64-Bit Server VM Temurin-21.0.9+10 (21.0.9+10-LTS, mixed mode, sharing, tiered, compressed oops, compressed class ptrs, parallel gc, windows-amd64)
GC Precious Log:
 CardTable entry size: 512
 CPUs: 8 total, 8 available
 Memory: 32688M
 Large Page Support: Disabled
 NUMA Support: Disabled
 Compressed Oops: Enabled (32-bit)
 Alignments: Space 512K, Generation 512K, Heap 2M
 Heap Min Capacity: 100M
 Heap Initial Capacity: 100M
 Heap Max Capacity: 2G
 Pre-touch: Disabled
 Parallel Workers: 8
Heap:
 PSYoungGen      total 5632K, used 5231K [0x00000000d5580000, 0x00000000d5e00000, 0x0000000100000000)
  eden space 3072K, 99% used [0x00000000d5580000,0x00000000d587deb0,0x00000000d5880000)
  from space 2560K, 84% used [0x00000000d5b80000,0x00000000d5d9e000,0x00000000d5e00000)
  to   space 2560K, 0% used [0x00000000d5900000,0x00000000d5900000,0x00000000d5b80000)
 ParOldGen       total 342016K, used 341708K [0x0000000080000000, 0x0000000094e00000, 0x00000000d5580000)
  object space 342016K, 99% used [0x0000000080000000,0x0000000094db31f8,0x0000000094e00000)
 Metaspace       used 94837K, committed 96704K, reserved 1179648K
  class space    used 9868K, committed 10688K, reserved 1048576K
GC Heap History (20 events):
Event: 3360.056 GC heap before
{Heap before GC invocations=2348 (full 8):
 PSYoungGen      total 3072K, used 2976K [0x00000000d5580000, 0x00000000d5b80000, 0x0000000100000000)
  eden space 2560K, 100% used [0x00000000d5580000,0x00000000d5800000,0x00000000d5800000)
  from space 512K, 81% used [0x00000000d5b00000,0x00000000d5b68000,0x00000000d5b80000)
  to   space 512K, 0% used [0x00000000d5a80000,0x00000000d5a80000,0x00000000d5b00000)
 ParOldGen       total 329216K, used 329014K [0x0000000080000000, 0x0000000094180000, 0x00000000d5580000)
  object space 329216K, 99% used [0x0000000080000000,0x000000009414d9e8,0x0000000094180000)
 Metaspace       used 94829K, committed 96704K, reserved 1179648K
  class space    used 9867K, committed 10688K, reserved 1048576K
}
Event: 3360.060 GC heap after
{Heap after GC invocations=2348 (full 8):
 PSYoungGen      total 3072K, used 160K [0x00000000d5580000, 0x00000000d5b80000, 0x0000000100000000)
  eden space 2560K, 0% used [0x00000000d5580000,0x00000000d5580000,0x00000000d5800000)
  from space 512K, 31% used [0x00000000d5a80000,0x00000000d5aa8000,0x00000000d5b00000)
  to   space 512K, 0% used [0x00000000d5b00000,0x00000000d5b00000,0x00000000d5b80000)
 ParOldGen       total 329728K, used 329350K [0x0000000080000000, 0x0000000094200000, 0x00000000d5580000)
  object space 329728K, 99% used [0x0000000080000000,0x00000000941a19e8,0x0000000094200000)
 Metaspace       used 94829K, committed 96704K, reserved 1179648K
  class space    used 9867K, committed 10688K, reserved 1048576K
}
Event: 3360.069 GC heap before
{Heap before GC invocations=2349 (full 8):
 PSYoungGen      total 3072K, used 2720K [0x00000000d5580000, 0x00000000d5b80000, 0x0000000100000000)
  eden space 2560K, 100% used [0x00000000d5580000,0x00000000d5800000,0x00000000d5800000)
  from space 512K, 31% used [0x00000000d5a80000,0x00000000d5aa8000,0x00000000d5b00000)
  to   space 512K, 0% used [0x00000000d5b00000,0x00000000d5b00000,0x00000000d5b80000)
 ParOldGen       total 329728K, used 329350K [0x0000000080000000, 0x0000000094200000, 0x00000000d5580000)
  object space 329728K, 99% used [0x0000000080000000,0x00000000941a19e8,0x0000000094200000)
 Metaspace       used 94829K, committed 96704K, reserved 1179648K
  class space    used 9867K, committed 10688K, reserved 1048576K
}
Event: 3360.070 GC heap after
{Heap after GC invocations=2349 (full 8):
 PSYoungGen      total 3072K, used 276K [0x00000000d5580000, 0x00000000d5b80000, 0x0000000100000000)
  eden space 2560K, 0% used [0x00000000d5580000,0x00000000d5580000,0x00000000d5800000)
  from space 512K, 54% used [0x00000000d5b00000,0x00000000d5b45200,0x00000000d5b80000)
  to   space 512K, 0% used [0x00000000d5a80000,0x00000000d5a80000,0x00000000d5b00000)
 ParOldGen       total 329728K, used 329382K [0x0000000080000000, 0x0000000094200000, 0x00000000d5580000)
  object space 329728K, 99% used [0x0000000080000000,0x00000000941a99e8,0x0000000094200000)
 Metaspace       used 94829K, committed 96704K, reserved 1179648K
  class space    used 9867K, committed 10688K, reserved 1048576K
}
Event: 3360.346 GC heap before
{Heap before GC invocations=2350 (full 8):
 PSYoungGen      total 3072K, used 2836K [0x00000000d5580000, 0x00000000d5b80000, 0x0000000100000000)
  eden space 2560K, 100% used [0x00000000d5580000,0x00000000d5800000,0x00000000d5800000)
  from space 512K, 54% used [0x00000000d5b00000,0x00000000d5b45200,0x00000000d5b80000)
  to   space 512K, 0% used [0x00000000d5a80000,0x00000000d5a80000,0x00000000d5b00000)
 ParOldGen       total 329728K, used 329382K [0x0000000080000000, 0x0000000094200000, 0x00000000d5580000)
  object space 329728K, 99% used [0x0000000080000000,0x00000000941a99e8,0x0000000094200000)
 Metaspace       used 94830K, committed 96704K, reserved 1179648K
  class space    used 9867K, committed 10688K, reserved 1048576K
}
Event: 3360.347 GC heap after
{Heap after GC invocations=2350 (full 8):
 PSYoungGen      total 3072K, used 224K [0x00000000d5580000, 0x00000000d5b80000, 0x0000000100000000)
  eden space 2560K, 0% used [0x00000000d5580000,0x00000000d5580000,0x00000000d5800000)
  from space 512K, 43% used [0x00000000d5a80000,0x00000000d5ab8000,0x00000000d5b00000)
  to   space 512K, 0% used [0x00000000d5b00000,0x00000000d5b00000,0x00000000d5b80000)
 ParOldGen       total 329728K, used 329382K [0x0000000080000000, 0x0000000094200000, 0x00000000d5580000)
  object space 329728K, 99% used [0x0000000080000000,0x00000000941a99e8,0x0000000094200000)
 Metaspace       used 94830K, committed 96704K, reserved 1179648K
  class space    used 9867K, committed 10688K, reserved 1048576K
}
Event: 3360.588 GC heap before
{Heap before GC invocations=2351 (full 8):
 PSYoungGen      total 3072K, used 2487K [0x00000000d5580000, 0x00000000d5b80000, 0x0000000100000000)
  eden space 2560K, 88% used [0x00000000d5580000,0x00000000d57b5f20,0x00000000d5800000)
  from space 512K, 43% used [0x00000000d5a80000,0x00000000d5ab8000,0x00000000d5b00000)
  to   space 512K, 0% used [0x00000000d5b00000,0x00000000d5b00000,0x00000000d5b80000)
 ParOldGen       total 329728K, used 329382K [0x0000000080000000, 0x0000000094200000, 0x00000000d5580000)
  object space 329728K, 99% used [0x0000000080000000,0x00000000941a99e8,0x0000000094200000)
 Metaspace       used 94832K, committed 96704K, reserved 1179648K
  class space    used 9867K, committed 10688K, reserved 1048576K
}
Event: 3360.590 GC heap after
{Heap after GC invocations=2351 (full 8):
 PSYoungGen      total 3072K, used 224K [0x00000000d5580000, 0x00000000d5b80000, 0x0000000100000000)
  eden space 2560K, 0% used [0x00000000d5580000,0x00000000d5580000,0x00000000d5800000)
  from space 512K, 43% used [0x00000000d5b00000,0x00000000d5b38000,0x00000000d5b80000)
  to   space 512K, 0% used [0x00000000d5a80000,0x00000000d5a80000,0x00000000d5b00000)
 ParOldGen       total 329728K, used 329406K [0x0000000080000000, 0x0000000094200000, 0x00000000d5580000)
  object space 329728K, 99% used [0x0000000080000000,0x00000000941af9e8,0x0000000094200000)
 Metaspace       used 94832K, committed 96704K, reserved 1179648K
  class space    used 9867K, committed 10688K, reserved 1048576K
}
Event: 3360.594 GC heap before
{Heap before GC invocations=2352 (full 8):
 PSYoungGen      total 3072K, used 2784K [0x00000000d5580000, 0x00000000d5b80000, 0x0000000100000000)
  eden space 2560K, 100% used [0x00000000d5580000,0x00000000d5800000,0x00000000d5800000)
  from space 512K, 43% used [0x00000000d5b00000,0x00000000d5b38000,0x00000000d5b80000)
  to   space 512K, 0% used [0x00000000d5a80000,0x00000000d5a80000,0x00000000d5b00000)
 ParOldGen       total 329728K, used 329406K [0x0000000080000000, 0x0000000094200000, 0x00000000d5580000)
  object space 329728K, 99% used [0x0000000080000000,0x00000000941af9e8,0x0000000094200000)
 Metaspace       used 94832K, committed 96704K, reserved 1179648K
  class space    used 9867K, committed 10688K, reserved 1048576K
}
Event: 3360.597 GC heap after
{Heap after GC invocations=2352 (full 8):
 PSYoungGen      total 3072K, used 512K [0x00000000d5580000, 0x00000000d5e00000, 0x0000000100000000)
  eden space 2560K, 0% used [0x00000000d5580000,0x00000000d5580000,0x00000000d5800000)
  from space 512K, 100% used [0x00000000d5a80000,0x00000000d5b00000,0x00000000d5b00000)
  to   space 3072K, 0% used [0x00000000d5b00000,0x00000000d5b00000,0x00000000d5e00000)
 ParOldGen       total 331776K, used 331548K [0x0000000080000000, 0x0000000094400000, 0x00000000d5580000)
  object space 331776K, 99% used [0x0000000080000000,0x00000000943c71f8,0x0000000094400000)
 Metaspace       used 94832K, committed 96704K, reserved 1179648K
  class space    used 9867K, committed 10688K, reserved 1048576K
}
Event: 3360.604 GC heap before
{Heap before GC invocations=2353 (full 8):
 PSYoungGen      total 3072K, used 3072K [0x00000000d5580000, 0x00000000d5e00000, 0x0000000100000000)
  eden space 2560K, 100% used [0x00000000d5580000,0x00000000d5800000,0x00000000d5800000)
  from space 512K, 100% used [0x00000000d5a80000,0x00000000d5b00000,0x00000000d5b00000)
  to   space 3072K, 0% used [0x00000000d5b00000,0x00000000d5b00000,0x00000000d5e00000)
 ParOldGen       total 331776K, used 331548K [0x0000000080000000, 0x0000000094400000, 0x00000000d5580000)
  object space 331776K, 99% used [0x0000000080000000,0x00000000943c71f8,0x0000000094400000)
 Metaspace       used 94836K, committed 96704K, reserved 1179648K
  class space    used 9868K, committed 10688K, reserved 1048576K
}
Event: 3360.608 GC heap after
{Heap after GC invocations=2353 (full 8):
 PSYoungGen      total 4608K, used 1984K [0x00000000d5580000, 0x00000000d5d00000, 0x0000000100000000)
  eden space 2560K, 0% used [0x00000000d5580000,0x00000000d5580000,0x00000000d5800000)
  from space 2048K, 96% used [0x00000000d5b00000,0x00000000d5cf0000,0x00000000d5d00000)
  to   space 2560K, 0% used [0x00000000d5800000,0x00000000d5800000,0x00000000d5a80000)
 ParOldGen       total 332288K, used 332100K [0x0000000080000000, 0x0000000094480000, 0x00000000d5580000)
  object space 332288K, 99% used [0x0000000080000000,0x00000000944511f8,0x0000000094480000)
 Metaspace       used 94836K, committed 96704K, reserved 1179648K
  class space    used 9868K, committed 10688K, reserved 1048576K
}
Event: 3360.617 GC heap before
{Heap before GC invocations=2354 (full 8):
 PSYoungGen      total 4608K, used 4544K [0x00000000d5580000, 0x00000000d5d00000, 0x0000000100000000)
  eden space 2560K, 100% used [0x00000000d5580000,0x00000000d5800000,0x00000000d5800000)
  from space 2048K, 96% used [0x00000000d5b00000,0x00000000d5cf0000,0x00000000d5d00000)
  to   space 2560K, 0% used [0x00000000d5800000,0x00000000d5800000,0x00000000d5a80000)
 ParOldGen       total 332288K, used 332100K [0x0000000080000000, 0x0000000094480000, 0x00000000d5580000)
  object space 332288K, 99% used [0x0000000080000000,0x00000000944511f8,0x0000000094480000)
 Metaspace       used 94836K, committed 96704K, reserved 1179648K
  class space    used 9868K, committed 10688K, reserved 1048576K
}
Event: 3360.620 GC heap after
{Heap after GC invocations=2354 (full 8):
 PSYoungGen      total 5120K, used 2560K [0x00000000d5580000, 0x00000000d5e00000, 0x0000000100000000)
  eden space 2560K, 0% used [0x00000000d5580000,0x00000000d5580000,0x00000000d5800000)
  from space 2560K, 100% used [0x00000000d5800000,0x00000000d5a80000,0x00000000d5a80000)
  to   space 3072K, 0% used [0x00000000d5b00000,0x00000000d5b00000,0x00000000d5e00000)
 ParOldGen       total 334336K, used 334020K [0x0000000080000000, 0x0000000094680000, 0x00000000d5580000)
  object space 334336K, 99% used [0x0000000080000000,0x00000000946311f8,0x0000000094680000)
 Metaspace       used 94836K, committed 96704K, reserved 1179648K
  class space    used 9868K, committed 10688K, reserved 1048576K
}
Event: 3360.627 GC heap before
{Heap before GC invocations=2355 (full 8):
 PSYoungGen      total 5120K, used 5120K [0x00000000d5580000, 0x00000000d5e00000, 0x0000000100000000)
  eden space 2560K, 100% used [0x00000000d5580000,0x00000000d5800000,0x00000000d5800000)
  from space 2560K, 100% used [0x00000000d5800000,0x00000000d5a80000,0x00000000d5a80000)
  to   space 3072K, 0% used [0x00000000d5b00000,0x00000000d5b00000,0x00000000d5e00000)
 ParOldGen       total 334336K, used 334020K [0x0000000080000000, 0x0000000094680000, 0x00000000d5580000)
  object space 334336K, 99% used [0x0000000080000000,0x00000000946311f8,0x0000000094680000)
 Metaspace       used 94836K, committed 96704K, reserved 1179648K
  class space    used 9868K, committed 10688K, reserved 1048576K
}
Event: 3360.631 GC heap after
{Heap after GC invocations=2355 (full 8):
 PSYoungGen      total 5632K, used 2624K [0x00000000d5580000, 0x00000000d5e80000, 0x0000000100000000)
  eden space 2560K, 0% used [0x00000000d5580000,0x00000000d5580000,0x00000000d5800000)
  from space 3072K, 85% used [0x00000000d5b00000,0x00000000d5d90000,0x00000000d5e00000)
  to   space 3072K, 0% used [0x00000000d5800000,0x00000000d5800000,0x00000000d5b00000)
 ParOldGen       total 336896K, used 336540K [0x0000000080000000, 0x0000000094900000, 0x00000000d5580000)
  object space 336896K, 99% used [0x0000000080000000,0x00000000948a71f8,0x0000000094900000)
 Metaspace       used 94836K, committed 96704K, reserved 1179648K
  class space    used 9868K, committed 10688K, reserved 1048576K
}
Event: 3360.639 GC heap before
{Heap before GC invocations=2356 (full 8):
 PSYoungGen      total 5632K, used 5184K [0x00000000d5580000, 0x00000000d5e80000, 0x0000000100000000)
  eden space 2560K, 100% used [0x00000000d5580000,0x00000000d5800000,0x00000000d5800000)
  from space 3072K, 85% used [0x00000000d5b00000,0x00000000d5d90000,0x00000000d5e00000)
  to   space 3072K, 0% used [0x00000000d5800000,0x00000000d5800000,0x00000000d5b00000)
 ParOldGen       total 336896K, used 336540K [0x0000000080000000, 0x0000000094900000, 0x00000000d5580000)
  object space 336896K, 99% used [0x0000000080000000,0x00000000948a71f8,0x0000000094900000)
 Metaspace       used 94836K, committed 96704K, reserved 1179648K
  class space    used 9868K, committed 10688K, reserved 1048576K
}
Event: 3360.643 GC heap after
{Heap after GC invocations=2356 (full 8):
 PSYoungGen      total 5632K, used 2656K [0x00000000d5580000, 0x00000000d5e80000, 0x0000000100000000)
  eden space 2560K, 0% used [0x00000000d5580000,0x00000000d5580000,0x00000000d5800000)
  from space 3072K, 86% used [0x00000000d5800000,0x00000000d5a98000,0x00000000d5b00000)
  to   space 3072K, 0% used [0x00000000d5b80000,0x00000000d5b80000,0x00000000d5e80000)
 ParOldGen       total 339456K, used 339116K [0x0000000080000000, 0x0000000094b80000, 0x00000000d5580000)
  object space 339456K, 99% used [0x0000000080000000,0x0000000094b2b1f8,0x0000000094b80000)
 Metaspace       used 94836K, committed 96704K, reserved 1179648K
  class space    used 9868K, committed 10688K, reserved 1048576K
}
Event: 3360.656 GC heap before
{Heap before GC invocations=2357 (full 8):
 PSYoungGen      total 5632K, used 5216K [0x00000000d5580000, 0x00000000d5e80000, 0x0000000100000000)
  eden space 2560K, 100% used [0x00000000d5580000,0x00000000d5800000,0x00000000d5800000)
  from space 3072K, 86% used [0x00000000d5800000,0x00000000d5a98000,0x00000000d5b00000)
  to   space 3072K, 0% used [0x00000000d5b80000,0x00000000d5b80000,0x00000000d5e80000)
 ParOldGen       total 339456K, used 339116K [0x0000000080000000, 0x0000000094b80000, 0x00000000d5580000)
  object space 339456K, 99% used [0x0000000080000000,0x0000000094b2b1f8,0x0000000094b80000)
 Metaspace       used 94836K, committed 96704K, reserved 1179648K
  class space    used 9868K, committed 10688K, reserved 1048576K
}
Event: 3360.660 GC heap after
{Heap after GC invocations=2357 (full 8):
 PSYoungGen      total 5632K, used 2168K [0x00000000d5580000, 0x00000000d5e00000, 0x0000000100000000)
  eden space 3072K, 0% used [0x00000000d5580000,0x00000000d5580000,0x00000000d5880000)
  from space 2560K, 84% used [0x00000000d5b80000,0x00000000d5d9e000,0x00000000d5e00000)
  to   space 2560K, 0% used [0x00000000d5900000,0x00000000d5900000,0x00000000d5b80000)
 ParOldGen       total 342016K, used 341708K [0x0000000080000000, 0x0000000094e00000, 0x00000000d5580000)
  object space 342016K, 99% used [0x0000000080000000,0x0000000094db31f8,0x0000000094e00000)
 Metaspace       used 94836K, committed 96704K, reserved 1179648K
  class space    used 9868K, committed 10688K, reserved 1048576K
}

