# JRE version: OpenJDK Runtime Environment Temurin-21.0.9+10 (21.0.9+10) (build 21.0.9+10-LTS)
# Java VM: OpenJDK 64-Bit Server VM Temurin-21.0.9+10 (21.0.9+10-LTS, mixed mode, sharing, tiered, compressed oops, compressed class ptrs, parallel gc, windows-amd64)
GC Precious Log:
 CardTable entry size: 512
 CPUs: 8 total, 8 available
 Memory: 32688M
 Large Page Support: Disabled
 NUMA Support: Disabled
 Compressed Oops: Enabled (32-bit)
 Alignments: Space 512K, Generation 512K, Heap 2M
 Heap Min Capacity: 100M
 Heap Initial Capacity: 100M
 Heap Max Capacity: 2G
 Pre-touch: Disabled
 Parallel Workers: 8
Heap:
 PSYoungGen      total 23552K, used 2701K [0x00000000d5580000, 0x00000000d6e80000, 0x0000000100000000)
  eden space 21504K, 3% used [0x00000000d5580000,0x00000000d5653498,0x00000000d6a80000)
  from space 2048K, 90% used [0x00000000d6a80000,0x00000000d6c50000,0x00000000d6c80000)
  to   space 2048K, 0% used [0x00000000d6c80000,0x00000000d6c80000,0x00000000d6e80000)
 ParOldGen       total 68608K, used 62587K [0x0000000080000000, 0x0000000084300000, 0x00000000d5580000)
  object space 68608K, 91% used [0x0000000080000000,0x0000000083d1ed88,0x0000000084300000)
 Metaspace       used 56770K, committed 58112K, reserved 1114112K
  class space    used 6125K, committed 6720K, reserved 1048576K
GC Heap History (20 events):
Event: 6.986 GC heap before
{Heap before GC invocations=27 (full 2):
 PSYoungGen      total 23040K, used 23008K [0x00000000d5580000, 0x00000000d7200000, 0x0000000100000000)
  eden space 22016K, 100% used [0x00000000d5580000,0x00000000d6b00000,0x00000000d6b00000)
  from space 1024K, 96% used [0x00000000d7100000,0x00000000d71f8000,0x00000000d7200000)
  to   space 1536K, 0% used [0x00000000d6f00000,0x00000000d6f00000,0x00000000d7080000)
 ParOldGen       total 68608K, used 46079K [0x0000000080000000, 0x0000000084300000, 0x00000000d5580000)
  object space 68608K, 67% used [0x0000000080000000,0x0000000082cffd00,0x0000000084300000)
 Metaspace       used 48507K, committed 49792K, reserved 1114112K
  class space    used 5272K, committed 5824K, reserved 1048576K
}
Event: 6.987 GC heap after
{Heap after GC invocations=27 (full 2):
 PSYoungGen      total 23552K, used 928K [0x00000000d5580000, 0x00000000d7180000, 0x0000000100000000)
  eden space 22016K, 0% used [0x00000000d5580000,0x00000000d5580000,0x00000000d6b00000)
  from space 1536K, 60% used [0x00000000d6f00000,0x00000000d6fe8000,0x00000000d7080000)
  to   space 1024K, 0% used [0x00000000d7080000,0x00000000d7080000,0x00000000d7180000)
 ParOldGen       total 68608K, used 46906K [0x0000000080000000, 0x0000000084300000, 0x00000000d5580000)
  object space 68608K, 68% used [0x0000000080000000,0x0000000082dceb68,0x0000000084300000)
 Metaspace       used 48507K, committed 49792K, reserved 1114112K
  class space    used 5272K, committed 5824K, reserved 1048576K
}
Event: 7.206 GC heap before
{Heap before GC invocations=28 (full 2):
 PSYoungGen      total 23552K, used 22944K [0x00000000d5580000, 0x00000000d7180000, 0x0000000100000000)
  eden space 22016K, 100% used [0x00000000d5580000,0x00000000d6b00000,0x00000000d6b00000)
  from space 1536K, 60% used [0x00000000d6f00000,0x00000000d6fe8000,0x00000000d7080000)
  to   space 1024K, 0% used [0x00000000d7080000,0x00000000d7080000,0x00000000d7180000)
 ParOldGen       total 68608K, used 46906K [0x0000000080000000, 0x0000000084300000, 0x00000000d5580000)
  object space 68608K, 68% used [0x0000000080000000,0x0000000082dceb68,0x0000000084300000)
 Metaspace       used 50487K, committed 51840K, reserved 1114112K
  class space    used 5522K, committed 6144K, reserved 1048576K
}
Event: 7.208 GC heap after
{Heap after GC invocations=28 (full 2):
 PSYoungGen      total 23040K, used 874K [0x00000000d5580000, 0x00000000d7180000, 0x0000000100000000)
  eden space 22016K, 0% used [0x00000000d5580000,0x00000000d5580000,0x00000000d6b00000)
  from space 1024K, 85% used [0x00000000d7080000,0x00000000d715aa30,0x00000000d7180000)
  to   space 1024K, 0% used [0x00000000d6f80000,0x00000000d6f80000,0x00000000d7080000)
 ParOldGen       total 68608K, used 47690K [0x0000000080000000, 0x0000000084300000, 0x00000000d5580000)
  object space 68608K, 69% used [0x0000000080000000,0x0000000082e92b88,0x0000000084300000)
 Metaspace       used 50487K, committed 51840K, reserved 1114112K
  class space    used 5522K, committed 6144K, reserved 1048576K
}
Event: 7.320 GC heap before
{Heap before GC invocations=29 (full 2):
 PSYoungGen      total 23040K, used 22890K [0x00000000d5580000, 0x00000000d7180000, 0x0000000100000000)
  eden space 22016K, 100% used [0x00000000d5580000,0x00000000d6b00000,0x00000000d6b00000)
  from space 1024K, 85% used [0x00000000d7080000,0x00000000d715aa30,0x00000000d7180000)
  to   space 1024K, 0% used [0x00000000d6f80000,0x00000000d6f80000,0x00000000d7080000)
 ParOldGen       total 68608K, used 47690K [0x0000000080000000, 0x0000000084300000, 0x00000000d5580000)
  object space 68608K, 69% used [0x0000000080000000,0x0000000082e92b88,0x0000000084300000)
 Metaspace       used 51549K, committed 52864K, reserved 1114112K
  class space    used 5649K, committed 6208K, reserved 1048576K
}
Event: 7.323 GC heap after
{Heap after GC invocations=29 (full 2):
 PSYoungGen      total 23040K, used 1016K [0x00000000d5580000, 0x00000000d7700000, 0x0000000100000000)
  eden space 22016K, 0% used [0x00000000d5580000,0x00000000d5580000,0x00000000d6b00000)
  from space 1024K, 99% used [0x00000000d6f80000,0x00000000d707e338,0x00000000d7080000)
  to   space 6144K, 0% used [0x00000000d7100000,0x00000000d7100000,0x00000000d7700000)
 ParOldGen       total 68608K, used 51854K [0x0000000080000000, 0x0000000084300000, 0x00000000d5580000)
  object space 68608K, 75% used [0x0000000080000000,0x00000000832a3a08,0x0000000084300000)
 Metaspace       used 51549K, committed 52864K, reserved 1114112K
  class space    used 5649K, committed 6208K, reserved 1048576K
}
Event: 7.659 GC heap before
{Heap before GC invocations=30 (full 2):
 PSYoungGen      total 23040K, used 23032K [0x00000000d5580000, 0x00000000d7700000, 0x0000000100000000)
  eden space 22016K, 100% used [0x00000000d5580000,0x00000000d6b00000,0x00000000d6b00000)
  from space 1024K, 99% used [0x00000000d6f80000,0x00000000d707e338,0x00000000d7080000)
  to   space 6144K, 0% used [0x00000000d7100000,0x00000000d7100000,0x00000000d7700000)
 ParOldGen       total 68608K, used 51854K [0x0000000080000000, 0x0000000084300000, 0x00000000d5580000)
  object space 68608K, 75% used [0x0000000080000000,0x00000000832a3a08,0x0000000084300000)
 Metaspace       used 53478K, committed 54784K, reserved 1114112K
  class space    used 5836K, committed 6400K, reserved 1048576K
}
Event: 7.661 GC heap after
{Heap after GC invocations=30 (full 2):
 PSYoungGen      total 27648K, used 5886K [0x00000000d5580000, 0x00000000d7800000, 0x0000000100000000)
  eden space 21504K, 0% used [0x00000000d5580000,0x00000000d5580000,0x00000000d6a80000)
  from space 6144K, 95% used [0x00000000d7100000,0x00000000d76bfa18,0x00000000d7700000)
  to   space 6656K, 0% used [0x00000000d6a80000,0x00000000d6a80000,0x00000000d7100000)
 ParOldGen       total 68608K, used 52334K [0x0000000080000000, 0x0000000084300000, 0x00000000d5580000)
  object space 68608K, 76% used [0x0000000080000000,0x000000008331ba08,0x0000000084300000)
 Metaspace       used 53478K, committed 54784K, reserved 1114112K
  class space    used 5836K, committed 6400K, reserved 1048576K
}
Event: 7.915 GC heap before
{Heap before GC invocations=31 (full 2):
 PSYoungGen      total 27648K, used 27390K [0x00000000d5580000, 0x00000000d7800000, 0x0000000100000000)
  eden space 21504K, 100% used [0x00000000d5580000,0x00000000d6a80000,0x00000000d6a80000)
  from space 6144K, 95% used [0x00000000d7100000,0x00000000d76bfa18,0x00000000d7700000)
  to   space 6656K, 0% used [0x00000000d6a80000,0x00000000d6a80000,0x00000000d7100000)
 ParOldGen       total 68608K, used 52334K [0x0000000080000000, 0x0000000084300000, 0x00000000d5580000)
  object space 68608K, 76% used [0x0000000080000000,0x000000008331ba08,0x0000000084300000)
 Metaspace       used 53920K, committed 55104K, reserved 1114112K
  class space    used 5877K, committed 6400K, reserved 1048576K
}
Event: 7.919 GC heap after
{Heap after GC invocations=31 (full 2):
 PSYoungGen      total 23040K, used 1376K [0x00000000d5580000, 0x00000000d7180000, 0x0000000100000000)
  eden space 21504K, 0% used [0x00000000d5580000,0x00000000d5580000,0x00000000d6a80000)
  from space 1536K, 89% used [0x00000000d6a80000,0x00000000d6bd8000,0x00000000d6c00000)
  to   space 3072K, 0% used [0x00000000d6e80000,0x00000000d6e80000,0x00000000d7180000)
 ParOldGen       total 68608K, used 53743K [0x0000000080000000, 0x0000000084300000, 0x00000000d5580000)
  object space 68608K, 78% used [0x0000000080000000,0x000000008347bc68,0x0000000084300000)
 Metaspace       used 53920K, committed 55104K, reserved 1114112K
  class space    used 5877K, committed 6400K, reserved 1048576K
}
Event: 8.253 GC heap before
{Heap before GC invocations=32 (full 2):
 PSYoungGen      total 23040K, used 22880K [0x00000000d5580000, 0x00000000d7180000, 0x0000000100000000)
  eden space 21504K, 100% used [0x00000000d5580000,0x00000000d6a80000,0x00000000d6a80000)
  from space 1536K, 89% used [0x00000000d6a80000,0x00000000d6bd8000,0x00000000d6c00000)
  to   space 3072K, 0% used [0x00000000d6e80000,0x00000000d6e80000,0x00000000d7180000)
 ParOldGen       total 68608K, used 53743K [0x0000000080000000, 0x0000000084300000, 0x00000000d5580000)
  object space 68608K, 78% used [0x0000000080000000,0x000000008347bc68,0x0000000084300000)
 Metaspace       used 54935K, committed 56256K, reserved 1114112K
  class space    used 5964K, committed 6528K, reserved 1048576K
}
Event: 8.256 GC heap after
{Heap after GC invocations=32 (full 2):
 PSYoungGen      total 24064K, used 2528K [0x00000000d5580000, 0x00000000d7100000, 0x0000000100000000)
  eden space 21504K, 0% used [0x00000000d5580000,0x00000000d5580000,0x00000000d6a80000)
  from space 2560K, 98% used [0x00000000d6e80000,0x00000000d70f8000,0x00000000d7100000)
  to   space 3072K, 0% used [0x00000000d6b00000,0x00000000d6b00000,0x00000000d6e00000)
 ParOldGen       total 68608K, used 54957K [0x0000000080000000, 0x0000000084300000, 0x00000000d5580000)
  object space 68608K, 80% used [0x0000000080000000,0x00000000835ab7e8,0x0000000084300000)
 Metaspace       used 54935K, committed 56256K, reserved 1114112K
  class space    used 5964K, committed 6528K, reserved 1048576K
}
Event: 8.563 GC heap before
{Heap before GC invocations=33 (full 2):
 PSYoungGen      total 24064K, used 24032K [0x00000000d5580000, 0x00000000d7100000, 0x0000000100000000)
  eden space 21504K, 100% used [0x00000000d5580000,0x00000000d6a80000,0x00000000d6a80000)
  from space 2560K, 98% used [0x00000000d6e80000,0x00000000d70f8000,0x00000000d7100000)
  to   space 3072K, 0% used [0x00000000d6b00000,0x00000000d6b00000,0x00000000d6e00000)
 ParOldGen       total 68608K, used 54957K [0x0000000080000000, 0x0000000084300000, 0x00000000d5580000)
  object space 68608K, 80% used [0x0000000080000000,0x00000000835ab7e8,0x0000000084300000)
 Metaspace       used 55139K, committed 56384K, reserved 1114112K
  class space    used 5965K, committed 6528K, reserved 1048576K
}
Event: 8.566 GC heap after
{Heap after GC invocations=33 (full 2):
 PSYoungGen      total 24064K, used 2160K [0x00000000d5580000, 0x00000000d6f80000, 0x0000000100000000)
  eden space 21504K, 0% used [0x00000000d5580000,0x00000000d5580000,0x00000000d6a80000)
  from space 2560K, 84% used [0x00000000d6b00000,0x00000000d6d1c010,0x00000000d6d80000)
  to   space 2048K, 0% used [0x00000000d6d80000,0x00000000d6d80000,0x00000000d6f80000)
 ParOldGen       total 68608K, used 57241K [0x0000000080000000, 0x0000000084300000, 0x00000000d5580000)
  object space 68608K, 83% used [0x0000000080000000,0x00000000837e67f8,0x0000000084300000)
 Metaspace       used 55139K, committed 56384K, reserved 1114112K
  class space    used 5965K, committed 6528K, reserved 1048576K
}
Event: 8.804 GC heap before
{Heap before GC invocations=34 (full 2):
 PSYoungGen      total 24064K, used 23664K [0x00000000d5580000, 0x00000000d6f80000, 0x0000000100000000)
  eden space 21504K, 100% used [0x00000000d5580000,0x00000000d6a80000,0x00000000d6a80000)
  from space 2560K, 84% used [0x00000000d6b00000,0x00000000d6d1c010,0x00000000d6d80000)
  to   space 2048K, 0% used [0x00000000d6d80000,0x00000000d6d80000,0x00000000d6f80000)
 ParOldGen       total 68608K, used 57241K [0x0000000080000000, 0x0000000084300000, 0x00000000d5580000)
  object space 68608K, 83% used [0x0000000080000000,0x00000000837e67f8,0x0000000084300000)
 Metaspace       used 55613K, committed 56896K, reserved 1114112K
  class space    used 6019K, committed 6592K, reserved 1048576K
}
Event: 8.807 GC heap after
{Heap after GC invocations=34 (full 2):
 PSYoungGen      total 23552K, used 1664K [0x00000000d5580000, 0x00000000d6f80000, 0x0000000100000000)
  eden space 21504K, 0% used [0x00000000d5580000,0x00000000d5580000,0x00000000d6a80000)
  from space 2048K, 81% used [0x00000000d6d80000,0x00000000d6f20000,0x00000000d6f80000)
  to   space 2048K, 0% used [0x00000000d6b80000,0x00000000d6b80000,0x00000000d6d80000)
 ParOldGen       total 68608K, used 58989K [0x0000000080000000, 0x0000000084300000, 0x00000000d5580000)
  object space 68608K, 85% used [0x0000000080000000,0x000000008399b448,0x0000000084300000)
 Metaspace       used 55613K, committed 56896K, reserved 1114112K
  class space    used 6019K, committed 6592K, reserved 1048576K
}
Event: 8.887 GC heap before
{Heap before GC invocations=35 (full 2):
 PSYoungGen      total 23552K, used 23168K [0x00000000d5580000, 0x00000000d6f80000, 0x0000000100000000)
  eden space 21504K, 100% used [0x00000000d5580000,0x00000000d6a80000,0x00000000d6a80000)
  from space 2048K, 81% used [0x00000000d6d80000,0x00000000d6f20000,0x00000000d6f80000)
  to   space 2048K, 0% used [0x00000000d6b80000,0x00000000d6b80000,0x00000000d6d80000)
 ParOldGen       total 68608K, used 58989K [0x0000000080000000, 0x0000000084300000, 0x00000000d5580000)
  object space 68608K, 85% used [0x0000000080000000,0x000000008399b448,0x0000000084300000)
 Metaspace       used 55781K, committed 57088K, reserved 1114112K
  class space    used 6022K, committed 6592K, reserved 1048576K
}
Event: 8.889 GC heap after
{Heap after GC invocations=35 (full 2):
 PSYoungGen      total 23040K, used 1344K [0x00000000d5580000, 0x00000000d6e00000, 0x0000000100000000)
  eden space 21504K, 0% used [0x00000000d5580000,0x00000000d5580000,0x00000000d6a80000)
  from space 1536K, 87% used [0x00000000d6b80000,0x00000000d6cd0000,0x00000000d6d00000)
  to   space 1024K, 0% used [0x00000000d6d00000,0x00000000d6d00000,0x00000000d6e00000)
 ParOldGen       total 68608K, used 60483K [0x0000000080000000, 0x0000000084300000, 0x00000000d5580000)
  object space 68608K, 88% used [0x0000000080000000,0x0000000083b10d88,0x0000000084300000)
 Metaspace       used 55781K, committed 57088K, reserved 1114112K
  class space    used 6022K, committed 6592K, reserved 1048576K
}
Event: 8.984 GC heap before
{Heap before GC invocations=36 (full 2):
 PSYoungGen      total 23040K, used 22848K [0x00000000d5580000, 0x00000000d6e00000, 0x0000000100000000)
  eden space 21504K, 100% used [0x00000000d5580000,0x00000000d6a80000,0x00000000d6a80000)
  from space 1536K, 87% used [0x00000000d6b80000,0x00000000d6cd0000,0x00000000d6d00000)
  to   space 1024K, 0% used [0x00000000d6d00000,0x00000000d6d00000,0x00000000d6e00000)
 ParOldGen       total 68608K, used 60483K [0x0000000080000000, 0x0000000084300000, 0x00000000d5580000)
  object space 68608K, 88% used [0x0000000080000000,0x0000000083b10d88,0x0000000084300000)
 Metaspace       used 55955K, committed 57216K, reserved 1114112K
  class space    used 6026K, committed 6592K, reserved 1048576K
}
Event: 8.986 GC heap after
{Heap after GC invocations=36 (full 2):
 PSYoungGen      total 22528K, used 1024K [0x00000000d5580000, 0x00000000d6f80000, 0x0000000100000000)
  eden space 21504K, 0% used [0x00000000d5580000,0x00000000d5580000,0x00000000d6a80000)
  from space 1024K, 100% used [0x00000000d6d00000,0x00000000d6e00000,0x00000000d6e00000)
  to   space 2560K, 0% used [0x00000000d6a80000,0x00000000d6a80000,0x00000000d6d00000)
 ParOldGen       total 68608K, used 61539K [0x0000000080000000, 0x0000000084300000, 0x00000000d5580000)
  object space 68608K, 89% used [0x0000000080000000,0x0000000083c18d88,0x0000000084300000)
 Metaspace       used 55955K, committed 57216K, reserved 1114112K
  class space    used 6026K, committed 6592K, reserved 1048576K
}

